<?xml version="1.0" encoding="UTF-8"?>
<!-- Generated by org.testng.reporters.JUnitReportReporter -->
<testsuite hostname="asus" failures="0" tests="1" name="khouapp.khnouapp" time="9.287" errors="0" timestamp="2022-12-05T14:09:47 CET" skipped="0">
  <testcase classname="khouapp.khnouapp" name="Apptest" time="9.287"/>
  <system-out/>
</testsuite> <!-- khouapp.khnouapp -->
